  [1m[35m (1531.4ms)[0m  [1m[35mCREATE DATABASE "first_routes_development" ENCODING = 'unicode'[0m
  ↳ bin/rails:9
  [1m[35m (173.7ms)[0m  [1m[35mCREATE DATABASE "first_routes_test" ENCODING = 'unicode'[0m
  ↳ bin/rails:9
Started GET "/" for ::1 at 2019-12-31 13:52:07 -0500
Processing by Rails::WelcomeController#index as HTML
  Rendering /Users/robertzahn/.rbenv/versions/2.5.1/lib/ruby/gems/2.5.0/gems/railties-5.2.4.1/lib/rails/templates/rails/welcome/index.html.erb
  Rendered /Users/robertzahn/.rbenv/versions/2.5.1/lib/ruby/gems/2.5.0/gems/railties-5.2.4.1/lib/rails/templates/rails/welcome/index.html.erb (3.9ms)
Completed 200 OK in 24ms (Views: 10.2ms | ActiveRecord: 0.0ms)


Started GET "/users" for ::1 at 2019-12-31 13:58:24 -0500

AbstractController::ActionNotFound - The action 'index' could not be found for UsersController:

Started GET "/:" for 127.0.0.1 at 2019-12-31 14:03:08 -0500
  
ActionController::RoutingError (No route matches [GET] "/:"):
  
actionpack (5.2.4.1) lib/action_dispatch/middleware/debug_exceptions.rb:65:in `call'
web-console (3.7.0) lib/web_console/middleware.rb:135:in `call_app'
web-console (3.7.0) lib/web_console/middleware.rb:30:in `block in call'
web-console (3.7.0) lib/web_console/middleware.rb:20:in `catch'
web-console (3.7.0) lib/web_console/middleware.rb:20:in `call'
actionpack (5.2.4.1) lib/action_dispatch/middleware/show_exceptions.rb:33:in `call'
railties (5.2.4.1) lib/rails/rack/logger.rb:38:in `call_app'
railties (5.2.4.1) lib/rails/rack/logger.rb:26:in `block in call'
activesupport (5.2.4.1) lib/active_support/tagged_logging.rb:71:in `block in tagged'
activesupport (5.2.4.1) lib/active_support/tagged_logging.rb:28:in `tagged'
activesupport (5.2.4.1) lib/active_support/tagged_logging.rb:71:in `tagged'
railties (5.2.4.1) lib/rails/rack/logger.rb:26:in `call'
sprockets-rails (3.2.1) lib/sprockets/rails/quiet_assets.rb:13:in `call'
actionpack (5.2.4.1) lib/action_dispatch/middleware/remote_ip.rb:81:in `call'
actionpack (5.2.4.1) lib/action_dispatch/middleware/request_id.rb:27:in `call'
rack (2.0.8) lib/rack/method_override.rb:22:in `call'
rack (2.0.8) lib/rack/runtime.rb:22:in `call'
activesupport (5.2.4.1) lib/active_support/cache/strategy/local_cache_middleware.rb:29:in `call'
actionpack (5.2.4.1) lib/action_dispatch/middleware/executor.rb:14:in `call'
actionpack (5.2.4.1) lib/action_dispatch/middleware/static.rb:127:in `call'
rack (2.0.8) lib/rack/sendfile.rb:111:in `call'
railties (5.2.4.1) lib/rails/engine.rb:524:in `call'
puma (3.12.2) lib/puma/configuration.rb:227:in `call'
puma (3.12.2) lib/puma/server.rb:674:in `handle_request'
puma (3.12.2) lib/puma/server.rb:476:in `process_client'
puma (3.12.2) lib/puma/server.rb:334:in `block in run'
puma (3.12.2) lib/puma/thread_pool.rb:135:in `block in spawn_thread'
Started GET "/" for 127.0.0.1 at 2019-12-31 14:03:09 -0500
Processing by Rails::WelcomeController#index as */*
  Rendering /Users/robertzahn/.rbenv/versions/2.5.1/lib/ruby/gems/2.5.0/gems/railties-5.2.4.1/lib/rails/templates/rails/welcome/index.html.erb
  Rendered /Users/robertzahn/.rbenv/versions/2.5.1/lib/ruby/gems/2.5.0/gems/railties-5.2.4.1/lib/rails/templates/rails/welcome/index.html.erb (2.1ms)
Completed 200 OK in 87ms (Views: 42.2ms | ActiveRecord: 0.0ms)


Started GET "/users" for 127.0.0.1 at 2019-12-31 14:03:26 -0500

AbstractController::ActionNotFound - The action 'index' could not be found for UsersController:

Started GET "/" for ::1 at 2019-12-31 14:12:53 -0500
Processing by Rails::WelcomeController#index as HTML
  Rendering /Users/robertzahn/.rbenv/versions/2.5.1/lib/ruby/gems/2.5.0/gems/railties-5.2.4.1/lib/rails/templates/rails/welcome/index.html.erb
  Rendered /Users/robertzahn/.rbenv/versions/2.5.1/lib/ruby/gems/2.5.0/gems/railties-5.2.4.1/lib/rails/templates/rails/welcome/index.html.erb (2.2ms)
Completed 200 OK in 9ms (Views: 5.0ms | ActiveRecord: 0.0ms)


Started GET "/users" for ::1 at 2019-12-31 14:13:00 -0500
Processing by UsersController#index as */*
No template found for UsersController#index, rendering head :no_content
Completed 204 No Content in 147ms (ActiveRecord: 0.0ms)


Started GET "/users" for ::1 at 2019-12-31 14:13:20 -0500
Processing by UsersController#index as */*
No template found for UsersController#index, rendering head :no_content
Completed 204 No Content in 161ms (ActiveRecord: 0.0ms)


Started GET "/" for ::1 at 2019-12-31 14:14:11 -0500
Processing by Rails::WelcomeController#index as HTML
  Rendering /Users/robertzahn/.rbenv/versions/2.5.1/lib/ruby/gems/2.5.0/gems/railties-5.2.4.1/lib/rails/templates/rails/welcome/index.html.erb
  Rendered /Users/robertzahn/.rbenv/versions/2.5.1/lib/ruby/gems/2.5.0/gems/railties-5.2.4.1/lib/rails/templates/rails/welcome/index.html.erb (4.0ms)
Completed 200 OK in 11ms (Views: 7.7ms | ActiveRecord: 0.0ms)


Started GET "/users" for ::1 at 2019-12-31 14:14:25 -0500
Processing by UsersController#index as HTML
Completed 406 Not Acceptable in 89ms (ActiveRecord: 0.0ms)



ActionController::UnknownFormat - UsersController#index is missing a template for this request format and variant.

request.formats: ["text/html"]
request.variant: []

NOTE! For XHR/Ajax or API requests, this action would normally respond with 204 No Content: an empty white screen. Since you're loading it in a web browser, we assume that you expected to actually render a template, not nothing, so we're showing an error to be extra-clear. If you expect 204 No Content, carry on. That's what you'll get from an XHR or API request. Give it a shot.:

Started POST "/__better_errors/efe86c4ac8eb4f64/variables" for ::1 at 2019-12-31 14:14:25 -0500
Started GET "/users" for ::1 at 2019-12-31 14:16:22 -0500
Processing by UsersController#index as HTML
Completed 406 Not Acceptable in 92ms (ActiveRecord: 0.0ms)


  
ActionController::UnknownFormat (UsersController#index is missing a template for this request format and variant.

request.formats: ["text/html"]
request.variant: []

NOTE! For XHR/Ajax or API requests, this action would normally respond with 204 No Content: an empty white screen. Since you're loading it in a web browser, we assume that you expected to actually render a template, not nothing, so we're showing an error to be extra-clear. If you expect 204 No Content, carry on. That's what you'll get from an XHR or API request. Give it a shot.):
  
actionpack (5.2.4.1) lib/action_controller/metal/implicit_render.rb:55:in `default_render'
actionpack (5.2.4.1) lib/action_controller/metal/basic_implicit_render.rb:6:in `block in send_action'
actionpack (5.2.4.1) lib/action_controller/metal/basic_implicit_render.rb:6:in `tap'
actionpack (5.2.4.1) lib/action_controller/metal/basic_implicit_render.rb:6:in `send_action'
actionpack (5.2.4.1) lib/abstract_controller/base.rb:194:in `process_action'
actionpack (5.2.4.1) lib/action_controller/metal/rendering.rb:30:in `process_action'
actionpack (5.2.4.1) lib/abstract_controller/callbacks.rb:42:in `block in process_action'
activesupport (5.2.4.1) lib/active_support/callbacks.rb:132:in `run_callbacks'
actionpack (5.2.4.1) lib/abstract_controller/callbacks.rb:41:in `process_action'
actionpack (5.2.4.1) lib/action_controller/metal/rescue.rb:22:in `process_action'
actionpack (5.2.4.1) lib/action_controller/metal/instrumentation.rb:34:in `block in process_action'
activesupport (5.2.4.1) lib/active_support/notifications.rb:168:in `block in instrument'
activesupport (5.2.4.1) lib/active_support/notifications/instrumenter.rb:23:in `instrument'
activesupport (5.2.4.1) lib/active_support/notifications.rb:168:in `instrument'
actionpack (5.2.4.1) lib/action_controller/metal/instrumentation.rb:32:in `process_action'
actionpack (5.2.4.1) lib/action_controller/metal/params_wrapper.rb:256:in `process_action'
activerecord (5.2.4.1) lib/active_record/railties/controller_runtime.rb:24:in `process_action'
actionpack (5.2.4.1) lib/abstract_controller/base.rb:134:in `process'
actionview (5.2.4.1) lib/action_view/rendering.rb:32:in `process'
actionpack (5.2.4.1) lib/action_controller/metal.rb:191:in `dispatch'
actionpack (5.2.4.1) lib/action_controller/metal.rb:252:in `dispatch'
actionpack (5.2.4.1) lib/action_dispatch/routing/route_set.rb:52:in `dispatch'
actionpack (5.2.4.1) lib/action_dispatch/routing/route_set.rb:34:in `serve'
actionpack (5.2.4.1) lib/action_dispatch/journey/router.rb:52:in `block in serve'
actionpack (5.2.4.1) lib/action_dispatch/journey/router.rb:35:in `each'
actionpack (5.2.4.1) lib/action_dispatch/journey/router.rb:35:in `serve'
actionpack (5.2.4.1) lib/action_dispatch/routing/route_set.rb:840:in `call'
rack (2.0.8) lib/rack/tempfile_reaper.rb:15:in `call'
rack (2.0.8) lib/rack/etag.rb:25:in `call'
rack (2.0.8) lib/rack/conditional_get.rb:25:in `call'
rack (2.0.8) lib/rack/head.rb:12:in `call'
actionpack (5.2.4.1) lib/action_dispatch/http/content_security_policy.rb:18:in `call'
rack (2.0.8) lib/rack/session/abstract/id.rb:259:in `context'
rack (2.0.8) lib/rack/session/abstract/id.rb:253:in `call'
actionpack (5.2.4.1) lib/action_dispatch/middleware/cookies.rb:670:in `call'
activerecord (5.2.4.1) lib/active_record/migration.rb:559:in `call'
actionpack (5.2.4.1) lib/action_dispatch/middleware/callbacks.rb:28:in `block in call'
activesupport (5.2.4.1) lib/active_support/callbacks.rb:98:in `run_callbacks'
actionpack (5.2.4.1) lib/action_dispatch/middleware/callbacks.rb:26:in `call'
actionpack (5.2.4.1) lib/action_dispatch/middleware/executor.rb:14:in `call'
actionpack (5.2.4.1) lib/action_dispatch/middleware/debug_exceptions.rb:61:in `call'
web-console (3.7.0) lib/web_console/middleware.rb:135:in `call_app'
web-console (3.7.0) lib/web_console/middleware.rb:30:in `block in call'
web-console (3.7.0) lib/web_console/middleware.rb:20:in `catch'
web-console (3.7.0) lib/web_console/middleware.rb:20:in `call'
actionpack (5.2.4.1) lib/action_dispatch/middleware/show_exceptions.rb:33:in `call'
railties (5.2.4.1) lib/rails/rack/logger.rb:38:in `call_app'
railties (5.2.4.1) lib/rails/rack/logger.rb:26:in `block in call'
activesupport (5.2.4.1) lib/active_support/tagged_logging.rb:71:in `block in tagged'
activesupport (5.2.4.1) lib/active_support/tagged_logging.rb:28:in `tagged'
activesupport (5.2.4.1) lib/active_support/tagged_logging.rb:71:in `tagged'
railties (5.2.4.1) lib/rails/rack/logger.rb:26:in `call'
sprockets-rails (3.2.1) lib/sprockets/rails/quiet_assets.rb:13:in `call'
actionpack (5.2.4.1) lib/action_dispatch/middleware/remote_ip.rb:81:in `call'
actionpack (5.2.4.1) lib/action_dispatch/middleware/request_id.rb:27:in `call'
rack (2.0.8) lib/rack/method_override.rb:22:in `call'
rack (2.0.8) lib/rack/runtime.rb:22:in `call'
activesupport (5.2.4.1) lib/active_support/cache/strategy/local_cache_middleware.rb:29:in `call'
actionpack (5.2.4.1) lib/action_dispatch/middleware/executor.rb:14:in `call'
actionpack (5.2.4.1) lib/action_dispatch/middleware/static.rb:127:in `call'
rack (2.0.8) lib/rack/sendfile.rb:111:in `call'
railties (5.2.4.1) lib/rails/engine.rb:524:in `call'
puma (3.12.2) lib/puma/configuration.rb:227:in `call'
puma (3.12.2) lib/puma/server.rb:674:in `handle_request'
puma (3.12.2) lib/puma/server.rb:476:in `process_client'
puma (3.12.2) lib/puma/server.rb:334:in `block in run'
puma (3.12.2) lib/puma/thread_pool.rb:135:in `block in spawn_thread'
Started GET "/users" for ::1 at 2019-12-31 14:18:46 -0500
Processing by UsersController#index as HTML
  Rendering text template
  Rendered text template (0.0ms)
Completed 200 OK in 20ms (Views: 3.5ms | ActiveRecord: 0.0ms)


Started GET "/users" for ::1 at 2019-12-31 14:20:55 -0500
Processing by UsersController#index as HTML
Completed 200 OK in 1ms (Views: 0.2ms | ActiveRecord: 0.0ms)


Started GET "/users" for ::1 at 2019-12-31 14:20:58 -0500
Processing by UsersController#index as HTML
Completed 200 OK in 0ms (Views: 0.1ms | ActiveRecord: 0.0ms)


Started GET "/users?fav_food=waltershotdogs" for ::1 at 2019-12-31 14:25:50 -0500
Processing by UsersController#index as HTML
  Parameters: {"fav_food"=>"waltershotdogs"}
  Rendering text template
  Rendered text template (0.0ms)
Completed 200 OK in 1ms (Views: 0.5ms | ActiveRecord: 0.0ms)


Started GET "/users?fav_food=waltershotdogs" for ::1 at 2019-12-31 14:25:58 -0500
Processing by UsersController#index as HTML
  Parameters: {"fav_food"=>"waltershotdogs"}
  Rendering text template
  Rendered text template (0.0ms)
Completed 200 OK in 1ms (Views: 0.4ms | ActiveRecord: 0.0ms)


Started GET "/users?fav_food=waltershotdogs" for ::1 at 2019-12-31 14:27:47 -0500
Processing by UsersController#index as HTML
  Parameters: {"fav_food"=>"waltershotdogs"}
  Rendering text template
  Rendered text template (0.0ms)
Completed 200 OK in 0ms (Views: 0.3ms | ActiveRecord: 0.0ms)


Started GET "/users?fav_food=waltershotdogs" for ::1 at 2019-12-31 14:30:11 -0500
Processing by UsersController#index as HTML
  Parameters: {"fav_food"=>"waltershotdogs"}
  Rendering text template
  Rendered text template (0.0ms)
Completed 200 OK in 1ms (Views: 0.7ms | ActiveRecord: 0.0ms)


Started GET "/users?fav_food=waltershotdogs" for ::1 at 2019-12-31 14:30:36 -0500
Processing by UsersController#index as */*
  Parameters: {"fav_food"=>"waltershotdogs"}
  Rendering text template
  Rendered text template (0.0ms)
Completed 200 OK in 1ms (Views: 0.5ms | ActiveRecord: 0.0ms)


Started GET "/users" for ::1 at 2019-12-31 14:31:11 -0500
Processing by UsersController#index as */*
  Parameters: {"fav_food"=>"waltershotdogs"}
  Rendering text template
  Rendered text template (0.0ms)
Completed 200 OK in 1ms (Views: 0.4ms | ActiveRecord: 0.0ms)


Started GET "/users?fav_food=pizza" for ::1 at 2019-12-31 14:32:58 -0500
Processing by UsersController#index as */*
  Parameters: {"fav_food"=>"pizza"}
  Rendering text template
  Rendered text template (0.0ms)
Completed 200 OK in 1ms (Views: 0.4ms | ActiveRecord: 0.0ms)


Started GET "/users?admin=true" for ::1 at 2019-12-31 14:33:50 -0500
Processing by UsersController#index as */*
  Parameters: {"admin"=>"true"}
  Rendering text template
  Rendered text template (0.0ms)
Completed 200 OK in 1ms (Views: 0.4ms | ActiveRecord: 0.0ms)


Started POST "/users?admin=true" for ::1 at 2019-12-31 14:35:18 -0500

AbstractController::ActionNotFound - The action 'create' could not be found for UsersController:

Started POST "/users" for ::1 at 2019-12-31 14:36:19 -0500

AbstractController::ActionNotFound - The action 'create' could not be found for UsersController:

Started POST "/users" for ::1 at 2019-12-31 14:39:23 -0500
Processing by UsersController#create as */*
  Parameters: {"admin"=>"true"}
Completed 200 OK in 1ms (Views: 0.3ms | ActiveRecord: 0.0ms)


Started GET "/users/2" for ::1 at 2019-12-31 14:46:35 -0500

AbstractController::ActionNotFound - The action 'show' could not be found for UsersController:

Started GET "/users/2" for ::1 at 2019-12-31 14:46:38 -0500

AbstractController::ActionNotFound - The action 'show' could not be found for UsersController:

Started GET "/users/2" for ::1 at 2019-12-31 14:46:49 -0500

AbstractController::ActionNotFound - The action 'show' could not be found for UsersController:

Started GET "/users/2" for ::1 at 2019-12-31 14:47:52 -0500
Processing by UsersController#show as */*
  Parameters: {"id"=>"2"}
Completed 200 OK in 1ms (Views: 0.2ms | ActiveRecord: 0.0ms)


Started GET "/users/?id=2" for ::1 at 2019-12-31 14:49:05 -0500
Processing by UsersController#index as */*
  Parameters: {"id"=>"2"}
  Rendering text template
  Rendered text template (0.0ms)
Completed 200 OK in 2ms (Views: 1.3ms | ActiveRecord: 0.0ms)


Started GET "/users?id=2" for ::1 at 2019-12-31 14:49:37 -0500
Processing by UsersController#index as */*
  Parameters: {"id"=>"2"}
  Rendering text template
  Rendered text template (0.0ms)
Completed 200 OK in 1ms (Views: 0.7ms | ActiveRecord: 0.0ms)


Started POST "/users?id=2" for ::1 at 2019-12-31 14:50:21 -0500
Processing by UsersController#create as */*
  Parameters: {"id"=>"2"}
Completed 200 OK in 1ms (Views: 0.4ms | ActiveRecord: 0.0ms)


Started GET "/users?id=2" for ::1 at 2019-12-31 14:53:19 -0500
Processing by UsersController#index as */*
  Parameters: {"id"=>"2"}
  Rendering text template
  Rendered text template (0.0ms)
Completed 200 OK in 1ms (Views: 0.4ms | ActiveRecord: 0.0ms)


Started POST "/users?id=2" for ::1 at 2019-12-31 14:53:24 -0500
Processing by UsersController#create as */*
  Parameters: {"id"=>"2"}
Completed 200 OK in 1ms (Views: 0.4ms | ActiveRecord: 0.0ms)


Started GET "/users/2" for ::1 at 2019-12-31 14:58:11 -0500
Processing by UsersController#show as */*
  Parameters: {"id"=>"2"}
Completed 200 OK in 1ms (Views: 0.2ms | ActiveRecord: 0.0ms)


Started GET "/users/2" for 127.0.0.1 at 2019-12-31 15:00:57 -0500
Processing by UsersController#show as */*
  Parameters: {"id"=>"2"}
Completed 200 OK in 1ms (Views: 0.2ms | ActiveRecord: 0.0ms)


Started POST "/users?id=2" for ::1 at 2019-12-31 15:04:30 -0500
Processing by UsersController#create as */*
  Parameters: {"id"=>"2"}
Completed 200 OK in 0ms (Views: 0.2ms | ActiveRecord: 0.0ms)


Started POST "/users?:id=2" for ::1 at 2019-12-31 15:04:36 -0500
Processing by UsersController#create as */*
  Parameters: {":id"=>"2"}
Completed 200 OK in 1ms (Views: 0.3ms | ActiveRecord: 0.0ms)


Started POST "/users?id=2" for ::1 at 2019-12-31 15:04:41 -0500
Processing by UsersController#create as */*
  Parameters: {"id"=>"2"}
Completed 200 OK in 0ms (Views: 0.2ms | ActiveRecord: 0.0ms)


Started POST "/users?id=2&name=john" for ::1 at 2019-12-31 15:05:08 -0500
Processing by UsersController#create as */*
  Parameters: {"id"=>"2", "name"=>"john"}
Completed 200 OK in 0ms (Views: 0.2ms | ActiveRecord: 0.0ms)


Started POST "/users?id=2&name=john&pets[name]=doggo&pets[name]=catto" for ::1 at 2019-12-31 15:07:47 -0500
Processing by UsersController#create as */*
  Parameters: {"id"=>"2", "name"=>"john", "pets"=>{"name"=>"catto"}}
Completed 200 OK in 0ms (Views: 0.2ms | ActiveRecord: 0.0ms)


Started POST "/users?id=2&name=john&pets[dog1]=doggo&pets[cat1]=catto" for ::1 at 2019-12-31 15:08:53 -0500
Processing by UsersController#create as */*
  Parameters: {"id"=>"2", "name"=>"john", "pets"=>{"dog1"=>"doggo", "cat1"=>"catto"}}
Completed 200 OK in 1ms (Views: 0.4ms | ActiveRecord: 0.0ms)


Started POST "/users" for ::1 at 2019-12-31 15:37:12 -0500
Processing by UsersController#create as */*
  Parameters: {"name"=>"john", "pets"=>{"dog1"=>"doggo", "cat1"=>"catto"}}
Completed 200 OK in 1ms (Views: 0.3ms | ActiveRecord: 0.0ms)


Started POST "/users" for ::1 at 2019-12-31 15:37:30 -0500
Processing by UsersController#create as */*
  Parameters: {"name"=>"john", "pets"=>{"dog1"=>"doggo", "cat1"=>"catto"}, "id"=>"2"}
Completed 200 OK in 1ms (Views: 0.4ms | ActiveRecord: 0.0ms)


Started POST "/users" for ::1 at 2019-12-31 15:37:45 -0500
Processing by UsersController#create as */*
  Parameters: {"name"=>"john", "pets"=>{"dog1"=>"doggo", "cat1"=>"catto"}, "id"=>"2"}
Completed 200 OK in 1ms (Views: 0.3ms | ActiveRecord: 0.0ms)


Started GET "/users/2" for ::1 at 2019-12-31 15:38:25 -0500
Processing by UsersController#show as */*
  Parameters: {"name"=>"john", "pets"=>{"dog1"=>"doggo", "cat1"=>"catto"}, "id"=>"2"}
Completed 200 OK in 1ms (Views: 0.3ms | ActiveRecord: 0.0ms)


  [1m[35m (26.9ms)[0m  [1m[35mCREATE TABLE "schema_migrations" ("version" character varying NOT NULL PRIMARY KEY)[0m
  ↳ bin/rails:9
  [1m[35m (4.1ms)[0m  [1m[35mCREATE TABLE "ar_internal_metadata" ("key" character varying NOT NULL PRIMARY KEY, "value" character varying, "created_at" timestamp NOT NULL, "updated_at" timestamp NOT NULL)[0m
  ↳ bin/rails:9
  [1m[35m (0.3ms)[0m  [1m[34mSELECT pg_try_advisory_lock(7974280239715595190)[0m
  ↳ bin/rails:9
  [1m[35m (0.7ms)[0m  [1m[34mSELECT "schema_migrations"."version" FROM "schema_migrations" ORDER BY "schema_migrations"."version" ASC[0m
  ↳ bin/rails:9
Migrating to CreateUsers (20191231210514)
  [1m[35m (0.2ms)[0m  [1m[35mBEGIN[0m
  ↳ bin/rails:9
  [1m[35m (7.2ms)[0m  [1m[35mCREATE TABLE "users" ("id" bigserial primary key, "name" character varying NOT NULL, "email" character varying NOT NULL)[0m
  ↳ db/migrate/20191231210514_create_users.rb:3
  [1m[36mActiveRecord::SchemaMigration Create (0.9ms)[0m  [1m[32mINSERT INTO "schema_migrations" ("version") VALUES ($1) RETURNING "version"[0m  [["version", "20191231210514"]]
  ↳ bin/rails:9
  [1m[35m (0.5ms)[0m  [1m[35mCOMMIT[0m
  ↳ bin/rails:9
  [1m[36mActiveRecord::InternalMetadata Load (0.5ms)[0m  [1m[34mSELECT  "ar_internal_metadata".* FROM "ar_internal_metadata" WHERE "ar_internal_metadata"."key" = $1 LIMIT $2[0m  [["key", "environment"], ["LIMIT", 1]]
  ↳ bin/rails:9
  [1m[35m (0.3ms)[0m  [1m[35mBEGIN[0m
  ↳ bin/rails:9
  [1m[36mActiveRecord::InternalMetadata Create (1.2ms)[0m  [1m[32mINSERT INTO "ar_internal_metadata" ("key", "value", "created_at", "updated_at") VALUES ($1, $2, $3, $4) RETURNING "key"[0m  [["key", "environment"], ["value", "development"], ["created_at", "2019-12-31 21:23:14.557309"], ["updated_at", "2019-12-31 21:23:14.557309"]]
  ↳ bin/rails:9
  [1m[35m (39.9ms)[0m  [1m[35mCOMMIT[0m
  ↳ bin/rails:9
  [1m[35m (0.3ms)[0m  [1m[34mSELECT pg_advisory_unlock(7974280239715595190)[0m
  ↳ bin/rails:9
  [1m[35m (0.3ms)[0m  [1m[34mSELECT "schema_migrations"."version" FROM "schema_migrations" ORDER BY "schema_migrations"."version" ASC[0m
  ↳ bin/rails:9
  [1m[35m (0.2ms)[0m  [1m[35mBEGIN[0m
  [1m[36mUser Create (1.1ms)[0m  [1m[32mINSERT INTO "users" ("name", "email") VALUES ($1, $2) RETURNING "id"[0m  [["name", "Rob"], ["email", "rob@gmail.com"]]
  [1m[35m (78.6ms)[0m  [1m[35mCOMMIT[0m
  [1m[35m (0.2ms)[0m  [1m[35mBEGIN[0m
  [1m[36mUser Create (0.4ms)[0m  [1m[32mINSERT INTO "users" ("name", "email") VALUES ($1, $2) RETURNING "id"[0m  [["name", "Steve"], ["email", "steve@gmail.com"]]
  [1m[35m (40.7ms)[0m  [1m[35mCOMMIT[0m
Started GET "/users/" for ::1 at 2019-12-31 16:57:56 -0500
  [1m[35m (1.0ms)[0m  [1m[34mSELECT "schema_migrations"."version" FROM "schema_migrations" ORDER BY "schema_migrations"."version" ASC[0m
  ↳ /Users/robertzahn/.rbenv/versions/2.5.1/lib/ruby/gems/2.5.0/gems/activerecord-5.2.4.1/lib/active_record/log_subscriber.rb:98
Processing by UsersController#index as */*
  [1m[36mUser Load (0.7ms)[0m  [1m[34mSELECT "users".* FROM "users"[0m
  ↳ app/controllers/users_controller.rb:3
Completed 200 OK in 26ms (Views: 5.8ms | ActiveRecord: 8.4ms)


Started GET "/users/" for ::1 at 2019-12-31 16:59:56 -0500
Processing by UsersController#index as */*
  [1m[36mUser Load (0.5ms)[0m  [1m[34mSELECT "users".* FROM "users"[0m
  ↳ app/controllers/users_controller.rb:3
Completed 200 OK in 2ms (Views: 1.5ms | ActiveRecord: 0.5ms)


Started POST "/users" for 127.0.0.1 at 2019-12-31 17:25:38 -0500
  [1m[35m (0.9ms)[0m  [1m[34mSELECT "schema_migrations"."version" FROM "schema_migrations" ORDER BY "schema_migrations"."version" ASC[0m
  ↳ /Users/robertzahn/.rbenv/versions/2.5.1/lib/ruby/gems/2.5.0/gems/activerecord-5.2.4.1/lib/active_record/log_subscriber.rb:98
Processing by UsersController#create as */*
  Parameters: {":user"=>{"name"=>"Alex", "email"=>"alex@gmail.com"}}
Completed 400 Bad Request in 10ms (ActiveRecord: 0.0ms)



ActionController::ParameterMissing - param is missing or the value is empty: user:
  app/controllers/users_controller.rb:7:in `create'

Started POST "/users" for 127.0.0.1 at 2019-12-31 17:26:00 -0500
Processing by UsersController#create as */*
  Parameters: {"user"=>{"name"=>"Alex", "email"=>"alex@gmail.com"}}
  [1m[35m (0.2ms)[0m  [1m[35mBEGIN[0m
  ↳ app/controllers/users_controller.rb:9
  [1m[36mUser Create (0.7ms)[0m  [1m[32mINSERT INTO "users" ("name", "email") VALUES ($1, $2) RETURNING "id"[0m  [["name", "Alex"], ["email", "alex@gmail.com"]]
  ↳ app/controllers/users_controller.rb:9
  [1m[35m (0.5ms)[0m  [1m[35mCOMMIT[0m
  ↳ app/controllers/users_controller.rb:9
Completed 200 OK in 16ms (Views: 0.4ms | ActiveRecord: 8.7ms)


